{"name":"Testing HomePage","status":"broken","statusDetails":{"known":false,"muted":false,"flaky":false,"message":"Can't locate an element by this strategy: Locator map: \n- native content: \"By.chained({By.id: com.airtel.tv:id/new_main_menu_grid_item})\" \n- html content: \"by id or name \"Home\"\"","trace":"org.openqa.selenium.NoSuchElementException: Can't locate an element by this strategy: Locator map: \n- native content: \"By.chained({By.id: com.airtel.tv:id/new_main_menu_grid_item})\" \n- html content: \"by id or name \"Home\"\"\n\tat io.appium.java_client.pagefactory.AppiumElementLocator.findElement(AppiumElementLocator.java:102)\n\tat io.appium.java_client.pagefactory.interceptors.InterceptorOfASingleElement.intercept(InterceptorOfASingleElement.java:61)\n\tat io.appium.java_client.android.AndroidElement$$EnhancerByCGLIB$$c0b591f0.getText(<generated>)\n\tat org.pages.HomePage.HomePageTest(HomePage.java:35)\n\tat tests.STB_Automation.TestHomePage(STB_Automation.java:27)\n\tat sun.reflect.NativeMethodAccessorImpl.invoke0(Native Method)\n\tat sun.reflect.NativeMethodAccessorImpl.invoke(NativeMethodAccessorImpl.java:62)\n\tat sun.reflect.DelegatingMethodAccessorImpl.invoke(DelegatingMethodAccessorImpl.java:43)\n\tat java.lang.reflect.Method.invoke(Method.java:498)\n\tat org.testng.internal.MethodInvocationHelper.invokeMethod(MethodInvocationHelper.java:84)\n\tat org.testng.internal.Invoker.invokeMethod(Invoker.java:714)\n\tat org.testng.internal.Invoker.invokeTestMethod(Invoker.java:901)\n\tat org.testng.internal.Invoker.invokeTestMethods(Invoker.java:1231)\n\tat org.testng.internal.TestMethodWorker.invokeTestMethods(TestMethodWorker.java:127)\n\tat org.testng.internal.TestMethodWorker.run(TestMethodWorker.java:111)\n\tat org.testng.TestRunner.privateRun(TestRunner.java:767)\n\tat org.testng.TestRunner.run(TestRunner.java:617)\n\tat org.testng.SuiteRunner.runTest(SuiteRunner.java:348)\n\tat org.testng.SuiteRunner.runSequentially(SuiteRunner.java:343)\n\tat org.testng.SuiteRunner.privateRun(SuiteRunner.java:305)\n\tat org.testng.SuiteRunner.run(SuiteRunner.java:254)\n\tat org.testng.SuiteRunnerWorker.runSuite(SuiteRunnerWorker.java:52)\n\tat org.testng.SuiteRunnerWorker.run(SuiteRunnerWorker.java:86)\n\tat org.testng.TestNG.runSuitesSequentially(TestNG.java:1224)\n\tat org.testng.TestNG.runSuitesLocally(TestNG.java:1149)\n\tat org.testng.TestNG.run(TestNG.java:1057)\n\tat org.testng.IDEARemoteTestNG.run(IDEARemoteTestNG.java:72)\n\tat org.testng.RemoteTestNGStarter.main(RemoteTestNGStarter.java:123)\nCaused by: org.openqa.selenium.TimeoutException: Expected condition failed: waiting for io.appium.java_client.pagefactory.AppiumElementLocator$WaitingFunction@d13960e (tried for 1 second(s) with 500 MILLISECONDS interval)\n\tat org.openqa.selenium.support.ui.FluentWait.timeoutException(FluentWait.java:263)\n\tat org.openqa.selenium.support.ui.FluentWait.until(FluentWait.java:231)\n\tat io.appium.java_client.pagefactory.AppiumElementLocator.waitFor(AppiumElementLocator.java:76)\n\tat io.appium.java_client.pagefactory.AppiumElementLocator.findElement(AppiumElementLocator.java:95)\n\t... 27 more\nCaused by: org.openqa.selenium.NoSuchElementException: Cannot locate an element using By.chained({By.id: com.airtel.tv:id/new_main_menu_grid_item})\nFor documentation on this error, please visit: http://seleniumhq.org/exceptions/no_such_element.html\nBuild info: version: '3.9.1', revision: '63f7b50', time: '2018-02-07T22:25:02.294Z'\nSystem info: host: 'LTB0204290-MAC.local', ip: 'fd58:d759:5f46:6800:2d8b:f130:341a:b96b', os.name: 'Mac OS X', os.arch: 'x86_64', os.version: '10.13.6', java.version: '1.8.0_151'\nDriver info: driver.version: AndroidDriver\n\tat io.appium.java_client.pagefactory.bys.builder.ByChained.findElement(ByChained.java:72)\n\tat org.openqa.selenium.remote.RemoteWebDriver.findElement(RemoteWebDriver.java:363)\n\tat io.appium.java_client.DefaultGenericMobileDriver.findElement(DefaultGenericMobileDriver.java:58)\n\tat io.appium.java_client.AppiumDriver.findElement(AppiumDriver.java:1)\n\tat io.appium.java_client.android.AndroidDriver.findElement(AndroidDriver.java:1)\n\tat io.appium.java_client.pagefactory.bys.ContentMappedBy.findElement(ContentMappedBy.java:36)\n\tat org.openqa.selenium.remote.RemoteWebDriver.findElement(RemoteWebDriver.java:363)\n\tat io.appium.java_client.DefaultGenericMobileDriver.findElement(DefaultGenericMobileDriver.java:58)\n\tat io.appium.java_client.AppiumDriver.findElement(AppiumDriver.java:1)\n\tat io.appium.java_client.android.AndroidDriver.findElement(AndroidDriver.java:1)\n\tat io.appium.java_client.pagefactory.AppiumElementLocator.lambda$0(AppiumElementLocator.java:96)\n\tat io.appium.java_client.pagefactory.AppiumElementLocator$WaitingFunction.apply(AppiumElementLocator.java:150)\n\tat io.appium.java_client.pagefactory.AppiumElementLocator$WaitingFunction.apply(AppiumElementLocator.java:1)\n\tat org.openqa.selenium.support.ui.FluentWait.until(FluentWait.java:208)\n\t... 29 more\n"},"stage":"finished","description":"Test Description:Scroll till the end of the page","steps":[],"attachments":[],"parameters":[{"name":"platformType","value":"Android"},{"name":"model","value":""},{"name":"platformName","value":"Mobile"}],"start":1561138237474,"stop":1561138283323,"uuid":"04ad0b27-0828-4430-9736-7397ea86171a","historyId":"8145c969fee53c1b33da5e7aac58e2bc","fullName":"tests.STB_Automation.TestHomePage","labels":[{"name":"package","value":"tests.STB_Automation"},{"name":"testClass","value":"tests.STB_Automation"},{"name":"testMethod","value":"TestHomePage"},{"name":"parentSuite","value":"Test Execution"},{"name":"suite","value":"Test Suite - Android"},{"name":"subSuite","value":"tests.STB_Automation"},{"name":"host","value":"LTB0204290-MAC.local"},{"name":"thread","value":"24535@LTB0204290-MAC.local.main(1)"},{"name":"framework","value":"testng"},{"name":"language","value":"java"},{"name":"severity","value":"normal"}],"links":[]}