{"name":"Testing HomePage","status":"broken","statusDetails":{"known":false,"muted":false,"flaky":false,"message":"javax.xml.transform.TransformerException: A location path was expected, but the following token was encountered:  ‘true’\nFor documentation on this error, please visit: http://seleniumhq.org/exceptions/invalid_selector_exception.html\nBuild info: version: '3.12.0', revision: '7c6e0b3', time: '2018-05-08T14:04:26.12Z'\nSystem info: host: 'LTB0204290-MAC.local', ip: 'fe80:0:0:0:418:dfac:c808:b720%en0', os.name: 'Mac OS X', os.arch: 'x86_64', os.version: '10.13.6', java.version: '1.8.0_151'\nDriver info: io.appium.java_client.android.AndroidDriver\nCapabilities {appActivity: MainActivityHomeAlias, appPackage: tv.airtel.smartstick, databaseEnabled: false, desired: {appActivity: MainActivityHomeAlias, appPackage: tv.airtel.smartstick, deviceName: AirtelStick, noReset: true, platformName: android, version: 8.0}, deviceManufacturer: SkyworthDigital, deviceModel: HP2707, deviceName: 192.168.105.91:5555, deviceScreenSize: 1920x1080, deviceUDID: 192.168.105.91:5555, javascriptEnabled: true, locationContextEnabled: false, networkConnectionEnabled: true, noReset: true, platform: LINUX, platformName: Android, platformVersion: 8.0.0, takesScreenshot: true, version: 8.0, warnings: {}, webStorageEnabled: false}\nSession ID: 8dcfc599-8aef-40d4-a4a6-07ce38c45425\n*** Element info: {Using=xpath, value=//*[@focused=‘true’]}","trace":"org.openqa.selenium.InvalidSelectorException: javax.xml.transform.TransformerException: A location path was expected, but the following token was encountered:  ‘true’\nFor documentation on this error, please visit: http://seleniumhq.org/exceptions/invalid_selector_exception.html\nBuild info: version: '3.12.0', revision: '7c6e0b3', time: '2018-05-08T14:04:26.12Z'\nSystem info: host: 'LTB0204290-MAC.local', ip: 'fe80:0:0:0:418:dfac:c808:b720%en0', os.name: 'Mac OS X', os.arch: 'x86_64', os.version: '10.13.6', java.version: '1.8.0_151'\nDriver info: io.appium.java_client.android.AndroidDriver\nCapabilities {appActivity: MainActivityHomeAlias, appPackage: tv.airtel.smartstick, databaseEnabled: false, desired: {appActivity: MainActivityHomeAlias, appPackage: tv.airtel.smartstick, deviceName: AirtelStick, noReset: true, platformName: android, version: 8.0}, deviceManufacturer: SkyworthDigital, deviceModel: HP2707, deviceName: 192.168.105.91:5555, deviceScreenSize: 1920x1080, deviceUDID: 192.168.105.91:5555, javascriptEnabled: true, locationContextEnabled: false, networkConnectionEnabled: true, noReset: true, platform: LINUX, platformName: Android, platformVersion: 8.0.0, takesScreenshot: true, version: 8.0, warnings: {}, webStorageEnabled: false}\nSession ID: 8dcfc599-8aef-40d4-a4a6-07ce38c45425\n*** Element info: {Using=xpath, value=//*[@focused=‘true’]}\n\tat sun.reflect.NativeConstructorAccessorImpl.newInstance0(Native Method)\n\tat sun.reflect.NativeConstructorAccessorImpl.newInstance(NativeConstructorAccessorImpl.java:62)\n\tat sun.reflect.DelegatingConstructorAccessorImpl.newInstance(DelegatingConstructorAccessorImpl.java:45)\n\tat java.lang.reflect.Constructor.newInstance(Constructor.java:423)\n\tat org.openqa.selenium.remote.http.W3CHttpResponseCodec.createException(W3CHttpResponseCodec.java:187)\n\tat org.openqa.selenium.remote.http.W3CHttpResponseCodec.decode(W3CHttpResponseCodec.java:122)\n\tat org.openqa.selenium.remote.http.W3CHttpResponseCodec.decode(W3CHttpResponseCodec.java:49)\n\tat org.openqa.selenium.remote.HttpCommandExecutor.execute(HttpCommandExecutor.java:158)\n\tat io.appium.java_client.remote.AppiumCommandExecutor.execute(AppiumCommandExecutor.java:231)\n\tat org.openqa.selenium.remote.RemoteWebDriver.execute(RemoteWebDriver.java:543)\n\tat io.appium.java_client.DefaultGenericMobileDriver.execute(DefaultGenericMobileDriver.java:42)\n\tat io.appium.java_client.AppiumDriver.execute(AppiumDriver.java:1)\n\tat io.appium.java_client.android.AndroidDriver.execute(AndroidDriver.java:1)\n\tat org.openqa.selenium.remote.RemoteWebDriver.findElement(RemoteWebDriver.java:317)\n\tat io.appium.java_client.DefaultGenericMobileDriver.findElement(DefaultGenericMobileDriver.java:62)\n\tat io.appium.java_client.AppiumDriver.findElement(AppiumDriver.java:1)\n\tat io.appium.java_client.android.AndroidDriver.findElement(AndroidDriver.java:1)\n\tat org.openqa.selenium.remote.RemoteWebDriver.findElementByXPath(RemoteWebDriver.java:419)\n\tat io.appium.java_client.DefaultGenericMobileDriver.findElementByXPath(DefaultGenericMobileDriver.java:152)\n\tat io.appium.java_client.AppiumDriver.findElementByXPath(AppiumDriver.java:1)\n\tat io.appium.java_client.android.AndroidDriver.findElementByXPath(AndroidDriver.java:1)\n\tat org.pages.HomePage.getcurrentelement(HomePage.java:27)\n\tat tests.STB_Automation.TestHomePage(STB_Automation.java:29)\n\tat sun.reflect.NativeMethodAccessorImpl.invoke0(Native Method)\n\tat sun.reflect.NativeMethodAccessorImpl.invoke(NativeMethodAccessorImpl.java:62)\n\tat sun.reflect.DelegatingMethodAccessorImpl.invoke(DelegatingMethodAccessorImpl.java:43)\n\tat java.lang.reflect.Method.invoke(Method.java:498)\n\tat org.testng.internal.MethodInvocationHelper.invokeMethod(MethodInvocationHelper.java:84)\n\tat org.testng.internal.Invoker.invokeMethod(Invoker.java:714)\n\tat org.testng.internal.Invoker.invokeTestMethod(Invoker.java:901)\n\tat org.testng.internal.Invoker.invokeTestMethods(Invoker.java:1231)\n\tat org.testng.internal.TestMethodWorker.invokeTestMethods(TestMethodWorker.java:127)\n\tat org.testng.internal.TestMethodWorker.run(TestMethodWorker.java:111)\n\tat org.testng.TestRunner.privateRun(TestRunner.java:767)\n\tat org.testng.TestRunner.run(TestRunner.java:617)\n\tat org.testng.SuiteRunner.runTest(SuiteRunner.java:348)\n\tat org.testng.SuiteRunner.runSequentially(SuiteRunner.java:343)\n\tat org.testng.SuiteRunner.privateRun(SuiteRunner.java:305)\n\tat org.testng.SuiteRunner.run(SuiteRunner.java:254)\n\tat org.testng.SuiteRunnerWorker.runSuite(SuiteRunnerWorker.java:52)\n\tat org.testng.SuiteRunnerWorker.run(SuiteRunnerWorker.java:86)\n\tat org.testng.TestNG.runSuitesSequentially(TestNG.java:1224)\n\tat org.testng.TestNG.runSuitesLocally(TestNG.java:1149)\n\tat org.testng.TestNG.run(TestNG.java:1057)\n\tat org.testng.IDEARemoteTestNG.run(IDEARemoteTestNG.java:72)\n\tat org.testng.RemoteTestNGStarter.main(RemoteTestNGStarter.java:123)\n"},"stage":"finished","description":"Test Description:Scroll till the end of the page","steps":[],"attachments":[],"parameters":[{"name":"platformType","value":"Android"},{"name":"model","value":""},{"name":"platformName","value":"Mobile"}],"start":1561445461305,"stop":1561445471963,"uuid":"aca3993a-39e1-4412-82c4-054b393d5b1c","historyId":"8145c969fee53c1b33da5e7aac58e2bc","fullName":"tests.STB_Automation.TestHomePage","labels":[{"name":"package","value":"tests.STB_Automation"},{"name":"testClass","value":"tests.STB_Automation"},{"name":"testMethod","value":"TestHomePage"},{"name":"parentSuite","value":"Test Execution"},{"name":"suite","value":"Test Suite - Android"},{"name":"subSuite","value":"tests.STB_Automation"},{"name":"host","value":"LTB0204290-MAC.local"},{"name":"thread","value":"58370@LTB0204290-MAC.local.main(1)"},{"name":"framework","value":"testng"},{"name":"language","value":"java"},{"name":"severity","value":"normal"}],"links":[]}